{
  "0 debug pnpm:scope": {
    "selected": 1
  },
  "1 error pnpm": {
    "message": {
      "code": "ELIFECYCLE",
      "errno": "ENOENT",
      "syscall": "spawn",
      "file": "sh",
      "pkgid": "Knowbie-Website@0.0.1",
      "stage": "build",
      "script": "svelte-kit build",
      "pkgname": "Knowbie-Website"
    },
    "err": {
      "name": "Error",
      "message": "Knowbie-Website@0.0.1 build: `svelte-kit build`\nspawn ENOENT",
      "code": "ELIFECYCLE",
      "stack": "Error: Knowbie-Website@0.0.1 build: `svelte-kit build`\nspawn ENOENT\n    at ChildProcess.<anonymous> (/opt/homebrew/lib/node_modules/pnpm/dist/pnpm.js:88689:20)\n    at ChildProcess.emit (node:events:369:20)\n    at maybeClose (node:internal/child_process:1067:16)\n    at Process.ChildProcess._handle.onexit (node:internal/child_process:301:5)"
    }
  }
}